# JRE version: OpenJDK Runtime Environment (23.0.2+7) (build 23.0.2+7-58)
# Java VM: OpenJDK 64-Bit Server VM (23.0.2+7-58, mixed mode, emulated-client, sharing, tiered, compressed oops, compressed class ptrs, g1 gc, windows-amd64)
GC Precious Log:
 CardTable entry size: 512
 Card Set container configuration: InlinePtr #cards 5 size 8 Array Of Cards #cards 10 size 36 Howl #buckets 4 coarsen threshold 1843 Howl Bitmap #cards 512 size 80 coarsen threshold 460 Card regions per heap region 1 cards per card region 2048
 CPUs: 16 total, 16 available
 Memory: 7859M
 Large Page Support: Disabled
 NUMA Support: Disabled
 Compressed Oops: Enabled (32-bit)
 Heap Region Size: 1M
 Heap Min Capacity: 8M
 Heap Initial Capacity: 124M
 Heap Max Capacity: 1966M
 Pre-touch: Disabled
 Parallel Workers: 13
 Concurrent Workers: 3
 Concurrent Refinement Workers: 13
 Periodic GC: Disabled
Heap:
 garbage-first heap   total reserved 2013184K, committed 75776K, used 46456K [0x0000000085200000, 0x0000000100000000)
  region size 1024K, 13 young (13312K), 4 survivors (4096K)
 Metaspace       used 78348K, committed 79232K, reserved 1179648K
  class space    used 11369K, committed 11776K, reserved 1048576K
GC Heap History (20 events):
Event: 9791.407 GC heap after
{Heap after GC invocations=228 (full 4):
 garbage-first heap   total reserved 2013184K, committed 75776K, used 38287K [0x0000000085200000, 0x0000000100000000)
  region size 1024K, 1 young (1024K), 1 survivors (1024K)
 Metaspace       used 77792K, committed 78912K, reserved 1179648K
  class space    used 11266K, committed 11712K, reserved 1048576K
}
Event: 9830.169 GC heap before
{Heap before GC invocations=228 (full 4):
 garbage-first heap   total reserved 2013184K, committed 75776K, used 67983K [0x0000000085200000, 0x0000000100000000)
  region size 1024K, 30 young (30720K), 1 survivors (1024K)
 Metaspace       used 77792K, committed 78912K, reserved 1179648K
  class space    used 11266K, committed 11712K, reserved 1048576K
}
Event: 9830.180 GC heap after
{Heap after GC invocations=229 (full 4):
 garbage-first heap   total reserved 2013184K, committed 75776K, used 34845K [0x0000000085200000, 0x0000000100000000)
  region size 1024K, 1 young (1024K), 1 survivors (1024K)
 Metaspace       used 77792K, committed 78912K, reserved 1179648K
  class space    used 11266K, committed 11712K, reserved 1048576K
}
Event: 9873.842 GC heap before
{Heap before GC invocations=229 (full 4):
 garbage-first heap   total reserved 2013184K, committed 75776K, used 68637K [0x0000000085200000, 0x0000000100000000)
  region size 1024K, 34 young (34816K), 1 survivors (1024K)
 Metaspace       used 77792K, committed 78912K, reserved 1179648K
  class space    used 11266K, committed 11712K, reserved 1048576K
}
Event: 9873.845 GC heap after
{Heap after GC invocations=230 (full 4):
 garbage-first heap   total reserved 2013184K, committed 75776K, used 34931K [0x0000000085200000, 0x0000000100000000)
  region size 1024K, 1 young (1024K), 1 survivors (1024K)
 Metaspace       used 77792K, committed 78912K, reserved 1179648K
  class space    used 11266K, committed 11712K, reserved 1048576K
}
Event: 9918.199 GC heap before
{Heap before GC invocations=231 (full 4):
 garbage-first heap   total reserved 2013184K, committed 75776K, used 68723K [0x0000000085200000, 0x0000000100000000)
  region size 1024K, 34 young (34816K), 1 survivors (1024K)
 Metaspace       used 77792K, committed 78912K, reserved 1179648K
  class space    used 11266K, committed 11712K, reserved 1048576K
}
Event: 9918.202 GC heap after
{Heap after GC invocations=232 (full 4):
 garbage-first heap   total reserved 2013184K, committed 75776K, used 34779K [0x0000000085200000, 0x0000000100000000)
  region size 1024K, 1 young (1024K), 1 survivors (1024K)
 Metaspace       used 77792K, committed 78912K, reserved 1179648K
  class space    used 11266K, committed 11712K, reserved 1048576K
}
Event: 9961.894 GC heap before
{Heap before GC invocations=232 (full 4):
 garbage-first heap   total reserved 2013184K, committed 75776K, used 68571K [0x0000000085200000, 0x0000000100000000)
  region size 1024K, 34 young (34816K), 1 survivors (1024K)
 Metaspace       used 77792K, committed 78912K, reserved 1179648K
  class space    used 11266K, committed 11712K, reserved 1048576K
}
Event: 9961.898 GC heap after
{Heap after GC invocations=233 (full 4):
 garbage-first heap   total reserved 2013184K, committed 75776K, used 34206K [0x0000000085200000, 0x0000000100000000)
  region size 1024K, 1 young (1024K), 1 survivors (1024K)
 Metaspace       used 77792K, committed 78912K, reserved 1179648K
  class space    used 11266K, committed 11712K, reserved 1048576K
}
Event: 10007.401 GC heap before
{Heap before GC invocations=233 (full 4):
 garbage-first heap   total reserved 2013184K, committed 75776K, used 69022K [0x0000000085200000, 0x0000000100000000)
  region size 1024K, 35 young (35840K), 1 survivors (1024K)
 Metaspace       used 77792K, committed 78912K, reserved 1179648K
  class space    used 11266K, committed 11712K, reserved 1048576K
}
Event: 10007.404 GC heap after
{Heap after GC invocations=234 (full 4):
 garbage-first heap   total reserved 2013184K, committed 75776K, used 34115K [0x0000000085200000, 0x0000000100000000)
  region size 1024K, 1 young (1024K), 1 survivors (1024K)
 Metaspace       used 77792K, committed 78912K, reserved 1179648K
  class space    used 11266K, committed 11712K, reserved 1048576K
}
Event: 10021.903 GC heap before
{Heap before GC invocations=235 (full 4):
 garbage-first heap   total reserved 2013184K, committed 75776K, used 47427K [0x0000000085200000, 0x0000000100000000)
  region size 1024K, 15 young (15360K), 1 survivors (1024K)
 Metaspace       used 77802K, committed 78912K, reserved 1179648K
  class space    used 11269K, committed 11712K, reserved 1048576K
}
Event: 10022.029 GC heap after
{Heap after GC invocations=236 (full 5):
 garbage-first heap   total reserved 2013184K, committed 75776K, used 27096K [0x0000000085200000, 0x0000000100000000)
  region size 1024K, 0 young (0K), 0 survivors (0K)
 Metaspace       used 77778K, committed 78912K, reserved 1179648K
  class space    used 11263K, committed 11712K, reserved 1048576K
}
Event: 10022.483 GC heap before
{Heap before GC invocations=236 (full 5):
 garbage-first heap   total reserved 2013184K, committed 75776K, used 68056K [0x0000000085200000, 0x0000000100000000)
  region size 1024K, 40 young (40960K), 0 survivors (0K)
 Metaspace       used 77928K, committed 78912K, reserved 1179648K
  class space    used 11296K, committed 11712K, reserved 1048576K
}
Event: 10022.489 GC heap after
{Heap after GC invocations=237 (full 5):
 garbage-first heap   total reserved 2013184K, committed 75776K, used 31503K [0x0000000085200000, 0x0000000100000000)
  region size 1024K, 5 young (5120K), 5 survivors (5120K)
 Metaspace       used 77928K, committed 78912K, reserved 1179648K
  class space    used 11296K, committed 11712K, reserved 1048576K
}
Event: 10022.957 GC heap before
{Heap before GC invocations=238 (full 5):
 garbage-first heap   total reserved 2013184K, committed 75776K, used 61199K [0x0000000085200000, 0x0000000100000000)
  region size 1024K, 35 young (35840K), 5 survivors (5120K)
 Metaspace       used 78191K, committed 79040K, reserved 1179648K
  class space    used 11328K, committed 11712K, reserved 1048576K
}
Event: 10022.961 GC heap after
{Heap after GC invocations=239 (full 5):
 garbage-first heap   total reserved 2013184K, committed 75776K, used 34492K [0x0000000085200000, 0x0000000100000000)
  region size 1024K, 4 young (4096K), 4 survivors (4096K)
 Metaspace       used 78191K, committed 79040K, reserved 1179648K
  class space    used 11328K, committed 11712K, reserved 1048576K
}
Event: 10028.875 GC heap before
{Heap before GC invocations=239 (full 5):
 garbage-first heap   total reserved 2013184K, committed 75776K, used 61116K [0x0000000085200000, 0x0000000100000000)
  region size 1024K, 31 young (31744K), 4 survivors (4096K)
 Metaspace       used 78345K, committed 79232K, reserved 1179648K
  class space    used 11368K, committed 11776K, reserved 1048576K
}
Event: 10028.881 GC heap after
{Heap after GC invocations=240 (full 5):
 garbage-first heap   total reserved 2013184K, committed 75776K, used 38264K [0x0000000085200000, 0x0000000100000000)
  region size 1024K, 4 young (4096K), 4 survivors (4096K)
 Metaspace       used 78345K, committed 79232K, reserved 1179648K
  class space    used 11368K, committed 11776K, reserved 1048576K
}
Event: 10038.028 GC heap before
{Heap before GC invocations=240 (full 5):
 garbage-first heap   total reserved 2013184K, committed 75776K, used 46456K [0x0000000085200000, 0x0000000100000000)
  region size 1024K, 13 young (13312K), 4 survivors (4096K)
 Metaspace       used 78348K, committed 79232K, reserved 1179648K
  class space    used 11369K, committed 11776K, reserved 1048576K
}

